<?xml version="1.0" encoding="UTF-8"?>
<robot generator="Robot 3.2 (Python 3.8.2 on win32)" generated="20200505 23:59:33.716" rpa="false">
<suite id="s1" name="TC 01" source="C:\Users\hp\PycharmProjects\RF_Automation\TestCases\TC_01.robot">
<test id="s1-t1" name="Tc_001_Login Logout Functionality">
<kw name="Open My Browser" library="LoginKeywords">
<arguments>
<arg>${URL}</arg>
<arg>Chrome</arg>
</arguments>
<kw name="Open Browser" library="SeleniumLibrary">
<doc>Opens a new browser instance to the optional ``url``.</doc>
<arguments>
<arg>${URL}</arg>
<arg>${Browser}</arg>
</arguments>
<msg timestamp="20200505 23:59:34.374" level="INFO">Opening browser 'Chrome' to base url 'https://thetestingworld.com'.</msg>
<status status="PASS" starttime="20200505 23:59:34.374" endtime="20200505 23:59:53.804"></status>
</kw>
<kw name="Maximize Browser Window" library="SeleniumLibrary">
<doc>Maximizes current browser window.</doc>
<status status="PASS" starttime="20200505 23:59:53.804" endtime="20200505 23:59:54.936"></status>
</kw>
<kw name="Sleep" library="BuiltIn">
<doc>Pauses the test executed for the given time.</doc>
<arguments>
<arg>2 seconds</arg>
</arguments>
<msg timestamp="20200505 23:59:56.939" level="INFO">Slept 2 seconds</msg>
<status status="PASS" starttime="20200505 23:59:54.937" endtime="20200505 23:59:56.939"></status>
</kw>
<status status="PASS" starttime="20200505 23:59:34.372" endtime="20200505 23:59:56.939"></status>
</kw>
<kw name="Click Loginin" library="LoginKeywords">
<kw name="Click Element" library="SeleniumLibrary">
<doc>Click the element identified by ``locator``.</doc>
<arguments>
<arg>${login_btn_click}</arg>
</arguments>
<msg timestamp="20200505 23:59:56.942" level="INFO">Clicking element 'xpath://a[text()='Login']'.</msg>
<status status="PASS" starttime="20200505 23:59:56.941" endtime="20200505 23:59:59.420"></status>
</kw>
<status status="PASS" starttime="20200505 23:59:56.941" endtime="20200505 23:59:59.420"></status>
</kw>
<kw name="Read Number Of Rows" library="UserKeywords">
<arguments>
<arg>Sheet1</arg>
</arguments>
<assign>
<var>${row}</var>
</assign>
<kw name="Fetch No Of Rows" library="ReadData">
<arguments>
<arg>${Sheetname}</arg>
</arguments>
<assign>
<var>${maxr}</var>
</assign>
<msg timestamp="20200505 23:59:59.422" level="INFO">${maxr} = 4</msg>
<status status="PASS" starttime="20200505 23:59:59.422" endtime="20200505 23:59:59.422"></status>
</kw>
<msg timestamp="20200505 23:59:59.423" level="INFO">${row} = 4</msg>
<status status="PASS" starttime="20200505 23:59:59.421" endtime="20200505 23:59:59.423"></status>
</kw>
<kw name="${i} IN RANGE [ 1 | ${row} ]" type="for">
<msg timestamp="20200505 23:59:59.423" level="WARN">Error in file 'C:\Users\hp\PycharmProjects\RF_Automation\TestCases\TC_01.robot' in FOR loop starting on line 24: For loop header ': FOR' is deprecated. Use 'FOR' instead.</msg>
<kw name="${i} = 1" type="foritem">
<kw name="Read Excel Cell data" library="UserKeywords">
<arguments>
<arg>Sheet1</arg>
<arg>${i}</arg>
<arg>1</arg>
</arguments>
<assign>
<var>${username}</var>
</assign>
<kw name="Fetch Cell Data" library="ReadData">
<arguments>
<arg>${Sheetname}</arg>
<arg>${row}</arg>
<arg>${cell}</arg>
</arguments>
<assign>
<var>${celldata}</var>
</assign>
<msg timestamp="20200505 23:59:59.427" level="INFO">${celldata} = user1</msg>
<status status="PASS" starttime="20200505 23:59:59.427" endtime="20200505 23:59:59.427"></status>
</kw>
<msg timestamp="20200505 23:59:59.428" level="INFO">${username} = user1</msg>
<status status="PASS" starttime="20200505 23:59:59.425" endtime="20200505 23:59:59.428"></status>
</kw>
<kw name="Read Excel Cell data" library="UserKeywords">
<arguments>
<arg>Sheet1</arg>
<arg>${i}</arg>
<arg>2</arg>
</arguments>
<assign>
<var>${password}</var>
</assign>
<kw name="Fetch Cell Data" library="ReadData">
<arguments>
<arg>${Sheetname}</arg>
<arg>${row}</arg>
<arg>${cell}</arg>
</arguments>
<assign>
<var>${celldata}</var>
</assign>
<msg timestamp="20200505 23:59:59.430" level="INFO">${celldata} = pass1</msg>
<status status="PASS" starttime="20200505 23:59:59.429" endtime="20200505 23:59:59.430"></status>
</kw>
<msg timestamp="20200505 23:59:59.430" level="INFO">${password} = pass1</msg>
<status status="PASS" starttime="20200505 23:59:59.428" endtime="20200505 23:59:59.431"></status>
</kw>
<kw name="Enter UserName" library="LoginKeywords">
<arguments>
<arg>${username}</arg>
</arguments>
<kw name="Input Text" library="SeleniumLibrary">
<doc>Types the given ``text`` into the text field identified by ``locator``.</doc>
<arguments>
<arg>${txt_LoginUserName}</arg>
<arg>${username}</arg>
</arguments>
<msg timestamp="20200505 23:59:59.432" level="INFO">Typing text 'user1' into text field 'id:username'.</msg>
<status status="PASS" starttime="20200505 23:59:59.432" endtime="20200505 23:59:59.569"></status>
</kw>
<status status="PASS" starttime="20200505 23:59:59.431" endtime="20200505 23:59:59.570"></status>
</kw>
<kw name="Enter Password" library="LoginKeywords">
<arguments>
<arg>${password}</arg>
</arguments>
<kw name="Input Text" library="SeleniumLibrary">
<doc>Types the given ``text`` into the text field identified by ``locator``.</doc>
<arguments>
<arg>${txt_LoginUserPwd}</arg>
<arg>${password}</arg>
</arguments>
<msg timestamp="20200505 23:59:59.571" level="INFO">Typing text 'pass1' into text field 'id:password'.</msg>
<status status="PASS" starttime="20200505 23:59:59.571" endtime="20200505 23:59:59.687"></status>
</kw>
<status status="PASS" starttime="20200505 23:59:59.570" endtime="20200505 23:59:59.687"></status>
</kw>
<kw name="Click Submit" library="LoginKeywords">
<kw name="Click Button" library="SeleniumLibrary">
<doc>Clicks the button identified by ``locator``.</doc>
<arguments>
<arg>${submit_btn_click}</arg>
</arguments>
<msg timestamp="20200505 23:59:59.688" level="INFO">Clicking button 'xpath://button[@type='submit']'.</msg>
<status status="PASS" starttime="20200505 23:59:59.688" endtime="20200506 00:00:00.770"></status>
</kw>
<status status="PASS" starttime="20200505 23:59:59.688" endtime="20200506 00:00:00.770"></status>
</kw>
<kw name="Sleep" library="BuiltIn">
<doc>Pauses the test executed for the given time.</doc>
<arguments>
<arg>5 seconds</arg>
</arguments>
<msg timestamp="20200506 00:00:05.772" level="INFO">Slept 5 seconds</msg>
<status status="PASS" starttime="20200506 00:00:00.771" endtime="20200506 00:00:05.772"></status>
</kw>
<kw name="Log To Console" library="BuiltIn">
<doc>Logs the given message to the console.</doc>
<arguments>
<arg>${i}</arg>
</arguments>
<status status="PASS" starttime="20200506 00:00:05.772" endtime="20200506 00:00:05.773"></status>
</kw>
<status status="PASS" starttime="20200505 23:59:59.425" endtime="20200506 00:00:05.773"></status>
</kw>
<kw name="${i} = 2" type="foritem">
<kw name="Read Excel Cell data" library="UserKeywords">
<arguments>
<arg>Sheet1</arg>
<arg>${i}</arg>
<arg>1</arg>
</arguments>
<assign>
<var>${username}</var>
</assign>
<kw name="Fetch Cell Data" library="ReadData">
<arguments>
<arg>${Sheetname}</arg>
<arg>${row}</arg>
<arg>${cell}</arg>
</arguments>
<assign>
<var>${celldata}</var>
</assign>
<msg timestamp="20200506 00:00:05.778" level="INFO">${celldata} = user2</msg>
<status status="PASS" starttime="20200506 00:00:05.775" endtime="20200506 00:00:05.778"></status>
</kw>
<msg timestamp="20200506 00:00:05.779" level="INFO">${username} = user2</msg>
<status status="PASS" starttime="20200506 00:00:05.774" endtime="20200506 00:00:05.779"></status>
</kw>
<kw name="Read Excel Cell data" library="UserKeywords">
<arguments>
<arg>Sheet1</arg>
<arg>${i}</arg>
<arg>2</arg>
</arguments>
<assign>
<var>${password}</var>
</assign>
<kw name="Fetch Cell Data" library="ReadData">
<arguments>
<arg>${Sheetname}</arg>
<arg>${row}</arg>
<arg>${cell}</arg>
</arguments>
<assign>
<var>${celldata}</var>
</assign>
<msg timestamp="20200506 00:00:05.782" level="INFO">${celldata} = pass2</msg>
<status status="PASS" starttime="20200506 00:00:05.781" endtime="20200506 00:00:05.782"></status>
</kw>
<msg timestamp="20200506 00:00:05.783" level="INFO">${password} = pass2</msg>
<status status="PASS" starttime="20200506 00:00:05.779" endtime="20200506 00:00:05.783"></status>
</kw>
<kw name="Enter UserName" library="LoginKeywords">
<arguments>
<arg>${username}</arg>
</arguments>
<kw name="Input Text" library="SeleniumLibrary">
<doc>Types the given ``text`` into the text field identified by ``locator``.</doc>
<arguments>
<arg>${txt_LoginUserName}</arg>
<arg>${username}</arg>
</arguments>
<msg timestamp="20200506 00:00:05.784" level="INFO">Typing text 'user2' into text field 'id:username'.</msg>
<status status="PASS" starttime="20200506 00:00:05.784" endtime="20200506 00:00:05.923"></status>
</kw>
<status status="PASS" starttime="20200506 00:00:05.783" endtime="20200506 00:00:05.923"></status>
</kw>
<kw name="Enter Password" library="LoginKeywords">
<arguments>
<arg>${password}</arg>
</arguments>
<kw name="Input Text" library="SeleniumLibrary">
<doc>Types the given ``text`` into the text field identified by ``locator``.</doc>
<arguments>
<arg>${txt_LoginUserPwd}</arg>
<arg>${password}</arg>
</arguments>
<msg timestamp="20200506 00:00:05.925" level="INFO">Typing text 'pass2' into text field 'id:password'.</msg>
<status status="PASS" starttime="20200506 00:00:05.924" endtime="20200506 00:00:06.035"></status>
</kw>
<status status="PASS" starttime="20200506 00:00:05.923" endtime="20200506 00:00:06.035"></status>
</kw>
<kw name="Click Submit" library="LoginKeywords">
<kw name="Click Button" library="SeleniumLibrary">
<doc>Clicks the button identified by ``locator``.</doc>
<arguments>
<arg>${submit_btn_click}</arg>
</arguments>
<msg timestamp="20200506 00:00:06.036" level="INFO">Clicking button 'xpath://button[@type='submit']'.</msg>
<status status="PASS" starttime="20200506 00:00:06.036" endtime="20200506 00:00:07.295"></status>
</kw>
<status status="PASS" starttime="20200506 00:00:06.036" endtime="20200506 00:00:07.295"></status>
</kw>
<kw name="Sleep" library="BuiltIn">
<doc>Pauses the test executed for the given time.</doc>
<arguments>
<arg>5 seconds</arg>
</arguments>
<msg timestamp="20200506 00:00:12.296" level="INFO">Slept 5 seconds</msg>
<status status="PASS" starttime="20200506 00:00:07.296" endtime="20200506 00:00:12.297"></status>
</kw>
<kw name="Log To Console" library="BuiltIn">
<doc>Logs the given message to the console.</doc>
<arguments>
<arg>${i}</arg>
</arguments>
<status status="PASS" starttime="20200506 00:00:12.297" endtime="20200506 00:00:12.299"></status>
</kw>
<status status="PASS" starttime="20200506 00:00:05.774" endtime="20200506 00:00:12.299"></status>
</kw>
<kw name="${i} = 3" type="foritem">
<kw name="Read Excel Cell data" library="UserKeywords">
<arguments>
<arg>Sheet1</arg>
<arg>${i}</arg>
<arg>1</arg>
</arguments>
<assign>
<var>${username}</var>
</assign>
<kw name="Fetch Cell Data" library="ReadData">
<arguments>
<arg>${Sheetname}</arg>
<arg>${row}</arg>
<arg>${cell}</arg>
</arguments>
<assign>
<var>${celldata}</var>
</assign>
<msg timestamp="20200506 00:00:12.304" level="INFO">${celldata} = user3</msg>
<status status="PASS" starttime="20200506 00:00:12.302" endtime="20200506 00:00:12.304"></status>
</kw>
<msg timestamp="20200506 00:00:12.305" level="INFO">${username} = user3</msg>
<status status="PASS" starttime="20200506 00:00:12.300" endtime="20200506 00:00:12.305"></status>
</kw>
<kw name="Read Excel Cell data" library="UserKeywords">
<arguments>
<arg>Sheet1</arg>
<arg>${i}</arg>
<arg>2</arg>
</arguments>
<assign>
<var>${password}</var>
</assign>
<kw name="Fetch Cell Data" library="ReadData">
<arguments>
<arg>${Sheetname}</arg>
<arg>${row}</arg>
<arg>${cell}</arg>
</arguments>
<assign>
<var>${celldata}</var>
</assign>
<msg timestamp="20200506 00:00:12.309" level="INFO">${celldata} = pass3</msg>
<status status="PASS" starttime="20200506 00:00:12.308" endtime="20200506 00:00:12.310"></status>
</kw>
<msg timestamp="20200506 00:00:12.311" level="INFO">${password} = pass3</msg>
<status status="PASS" starttime="20200506 00:00:12.305" endtime="20200506 00:00:12.311"></status>
</kw>
<kw name="Enter UserName" library="LoginKeywords">
<arguments>
<arg>${username}</arg>
</arguments>
<kw name="Input Text" library="SeleniumLibrary">
<doc>Types the given ``text`` into the text field identified by ``locator``.</doc>
<arguments>
<arg>${txt_LoginUserName}</arg>
<arg>${username}</arg>
</arguments>
<msg timestamp="20200506 00:00:12.314" level="INFO">Typing text 'user3' into text field 'id:username'.</msg>
<status status="PASS" starttime="20200506 00:00:12.313" endtime="20200506 00:00:12.496"></status>
</kw>
<status status="PASS" starttime="20200506 00:00:12.311" endtime="20200506 00:00:12.496"></status>
</kw>
<kw name="Enter Password" library="LoginKeywords">
<arguments>
<arg>${password}</arg>
</arguments>
<kw name="Input Text" library="SeleniumLibrary">
<doc>Types the given ``text`` into the text field identified by ``locator``.</doc>
<arguments>
<arg>${txt_LoginUserPwd}</arg>
<arg>${password}</arg>
</arguments>
<msg timestamp="20200506 00:00:12.497" level="INFO">Typing text 'pass3' into text field 'id:password'.</msg>
<status status="PASS" starttime="20200506 00:00:12.497" endtime="20200506 00:00:12.608"></status>
</kw>
<status status="PASS" starttime="20200506 00:00:12.496" endtime="20200506 00:00:12.608"></status>
</kw>
<kw name="Click Submit" library="LoginKeywords">
<kw name="Click Button" library="SeleniumLibrary">
<doc>Clicks the button identified by ``locator``.</doc>
<arguments>
<arg>${submit_btn_click}</arg>
</arguments>
<msg timestamp="20200506 00:00:12.609" level="INFO">Clicking button 'xpath://button[@type='submit']'.</msg>
<status status="PASS" starttime="20200506 00:00:12.609" endtime="20200506 00:00:14.089"></status>
</kw>
<status status="PASS" starttime="20200506 00:00:12.609" endtime="20200506 00:00:14.089"></status>
</kw>
<kw name="Sleep" library="BuiltIn">
<doc>Pauses the test executed for the given time.</doc>
<arguments>
<arg>5 seconds</arg>
</arguments>
<msg timestamp="20200506 00:00:19.091" level="INFO">Slept 5 seconds</msg>
<status status="PASS" starttime="20200506 00:00:14.090" endtime="20200506 00:00:19.091"></status>
</kw>
<kw name="Log To Console" library="BuiltIn">
<doc>Logs the given message to the console.</doc>
<arguments>
<arg>${i}</arg>
</arguments>
<status status="PASS" starttime="20200506 00:00:19.092" endtime="20200506 00:00:19.093"></status>
</kw>
<status status="PASS" starttime="20200506 00:00:12.299" endtime="20200506 00:00:19.093"></status>
</kw>
<status status="PASS" starttime="20200505 23:59:59.423" endtime="20200506 00:00:19.094"></status>
</kw>
<kw name="Close My Browser" library="LoginKeywords">
<kw name="Close Browser" library="SeleniumLibrary">
<doc>Closes the current browser.</doc>
<status status="PASS" starttime="20200506 00:00:19.096" endtime="20200506 00:00:21.354"></status>
</kw>
<status status="PASS" starttime="20200506 00:00:19.095" endtime="20200506 00:00:21.355"></status>
</kw>
<status status="PASS" starttime="20200505 23:59:34.371" endtime="20200506 00:00:21.356" critical="yes"></status>
</test>
<status status="PASS" starttime="20200505 23:59:33.718" endtime="20200506 00:00:21.361"></status>
</suite>
<statistics>
<total>
<stat pass="1" fail="0">Critical Tests</stat>
<stat pass="1" fail="0">All Tests</stat>
</total>
<tag>
</tag>
<suite>
<stat pass="1" fail="0" id="s1" name="TC 01">TC 01</stat>
</suite>
</statistics>
<errors>
<msg timestamp="20200505 23:59:59.423" level="WARN">Error in file 'C:\Users\hp\PycharmProjects\RF_Automation\TestCases\TC_01.robot' in FOR loop starting on line 24: For loop header ': FOR' is deprecated. Use 'FOR' instead.</msg>
</errors>
</robot>
